#
# There is insufficient memory for the Java Runtime Environment to continue.
# Native memory allocation (mmap) failed to map 536870912 bytes for Failed to commit area from 0x0000000600c00000 to 0x0000000620c00000 of length 536870912.
# Possible reasons:
#   The system is out of physical RAM or swap space
#   The process is running with CompressedOops enabled, and the Java Heap may be blocking the growth of the native heap
# Possible solutions:
#   Reduce memory load on the system
#   Increase physical memory or swap space
#   Check if swap backing store is full
#   Decrease Java heap size (-Xmx/-Xms)
#   Decrease number of Java threads
#   Decrease Java thread stack sizes (-Xss)
#   Set larger code cache with -XX:ReservedCodeCacheSize=
# This output file may be truncated or incomplete.
#
#  Out of Memory Error (./src/hotspot/os/windows/os_windows.cpp:3380), pid=19492, tid=13744
#
# JRE version:  (11.0.12+7) (build )
# Java VM: OpenJDK 64-Bit Server VM (11.0.12+7, mixed mode, sharing, tiered, compressed oops, g1 gc, windows-amd64)
# No core dump will be written. Minidumps are not enabled by default on client versions of Windows
#

---------------  S U M M A R Y ------------

Command Line: 

Host: AMD Ryzen 5 5600X 6-Core Processor             , 12 cores, 31G,  Windows 10 , 64 bit Build 19041 (10.0.19041.3636)
Time: Thu Mar  7 17:42:16 2024 RTZ 2 (зима) elapsed time: 0.010355 seconds (0d 0h 0m 0s)

---------------  T H R E A D  ---------------

Current thread (0x000001b4c4e52000):  JavaThread "Unknown thread" [_thread_in_vm, id=13744, stack(0x0000002f67d00000,0x0000002f67e00000)]

Stack: [0x0000002f67d00000,0x0000002f67e00000]
Native frames: (J=compiled Java code, j=interpreted, Vv=VM code, C=native code)
V  [jvm.dll+0x6090fa]
V  [jvm.dll+0x79229e]
V  [jvm.dll+0x79396f]
V  [jvm.dll+0x794033]
V  [jvm.dll+0x24bed8]
V  [jvm.dll+0x60624a]
V  [jvm.dll+0x5facf5]
V  [jvm.dll+0x303b5c]
V  [jvm.dll+0x3039e2]
V  [jvm.dll+0x308706]
V  [jvm.dll+0x34d5cf]
V  [jvm.dll+0x34d000]
V  [jvm.dll+0x2e0c68]
V  [jvm.dll+0x2e1dc6]
V  [jvm.dll+0x76d627]
V  [jvm.dll+0x76edaf]
V  [jvm.dll+0x35a359]
V  [jvm.dll+0x750710]
V  [jvm.dll+0x3c1f8f]
V  [jvm.dll+0x3c4461]
C  [jli.dll+0x5207]
C  [ucrtbase.dll+0x21bb2]
C  [KERNEL32.DLL+0x17344]
C  [ntdll.dll+0x526b1]


---------------  P R O C E S S  ---------------

Threads class SMR info:
_java_thread_list=0x000001b4c2c602f0, length=0, elements={
}

Java Threads: ( => current thread )

Other Threads:
  0x000001b4c4e69000 GCTaskThread "GC Thread#0" [stack: 0x0000002f67e00000,0x0000002f67f00000] [id=13216]
  0x000001b4c4eec800 ConcurrentGCThread "G1 Main Marker" [stack: 0x0000002f67f00000,0x0000002f68000000] [id=18464]
  0x000001b4c4eef000 ConcurrentGCThread "G1 Conc#0" [stack: 0x0000002f68000000,0x0000002f68100000] [id=32472]

[error occurred during error reporting (printing all threads), id 0xc0000005, EXCEPTION_ACCESS_VIOLATION (0xc0000005) at pc=0x00007ffad9310337]

VM state:not at safepoint (not fully initialized)

VM Mutex/Monitor currently owned by a thread:  ([mutex/lock_event])
[0x000001b4c4e4d460] Heap_lock - owner thread: 0x000001b4c4e52000

Heap address: 0x0000000600c00000, size: 8180 MB, Compressed Oops mode: Non-zero based: 0x0000000600c00000
Narrow klass base: 0x0000000000000000, Narrow klass shift: 0

GC Heap History (0 events):
No events

Deoptimization events (0 events):
No events

Classes redefined (0 events):
No events

Internal exceptions (0 events):
No events

Events (1 events):
Event: 0.007 Loaded shared library C:\Program Files\Microsoft\jdk-11.0.12.7-hotspot\bin\zip.dll


Dynamic libraries:
0x00007ff6a78c0000 - 0x00007ff6a78cd000 	C:\Program Files\Microsoft\jdk-11.0.12.7-hotspot\bin\java.exe
0x00007ffb86810000 - 0x00007ffb86a08000 	C:\Windows\SYSTEM32\ntdll.dll
0x00007ffb86270000 - 0x00007ffb8632d000 	C:\Windows\System32\KERNEL32.DLL
0x00007ffb83f40000 - 0x00007ffb84236000 	C:\Windows\System32\KERNELBASE.dll
0x00007ffb844b0000 - 0x00007ffb845b0000 	C:\Windows\System32\ucrtbase.dll
0x00007ffb757a0000 - 0x00007ffb757b5000 	C:\Program Files\Microsoft\jdk-11.0.12.7-hotspot\bin\VCRUNTIME140.dll
0x00007ffb69db0000 - 0x00007ffb69dc7000 	C:\Program Files\Microsoft\jdk-11.0.12.7-hotspot\bin\jli.dll
0x00007ffb84cc0000 - 0x00007ffb84e5e000 	C:\Windows\System32\USER32.dll
0x00007ffb84240000 - 0x00007ffb84262000 	C:\Windows\System32\win32u.dll
0x00007ffb84c90000 - 0x00007ffb84cbb000 	C:\Windows\System32\GDI32.dll
0x00007ffb75c90000 - 0x00007ffb75f2a000 	C:\Windows\WinSxS\amd64_microsoft.windows.common-controls_6595b64144ccf1df_6.0.19041.3636_none_60b6a03d71f818d5\COMCTL32.dll
0x00007ffb84390000 - 0x00007ffb844a7000 	C:\Windows\System32\gdi32full.dll
0x00007ffb85130000 - 0x00007ffb851ce000 	C:\Windows\System32\msvcrt.dll
0x00007ffb842f0000 - 0x00007ffb8438d000 	C:\Windows\System32\msvcp_win.dll
0x00007ffb851d0000 - 0x00007ffb85202000 	C:\Windows\System32\IMM32.DLL
0x00007ffb063e0000 - 0x00007ffb0647b000 	C:\Program Files\Microsoft\jdk-11.0.12.7-hotspot\bin\msvcp140.dll
0x00007ffad9020000 - 0x00007ffad9b81000 	C:\Program Files\Microsoft\jdk-11.0.12.7-hotspot\bin\server\jvm.dll
0x00007ffb85420000 - 0x00007ffb854d3000 	C:\Windows\System32\ADVAPI32.dll
0x00007ffb86330000 - 0x00007ffb863cf000 	C:\Windows\System32\sechost.dll
0x00007ffb86140000 - 0x00007ffb86266000 	C:\Windows\System32\RPCRT4.dll
0x00007ffb842c0000 - 0x00007ffb842e7000 	C:\Windows\System32\bcrypt.dll
0x00007ffb86660000 - 0x00007ffb86668000 	C:\Windows\System32\PSAPI.DLL
0x00007ffb7c510000 - 0x00007ffb7c519000 	C:\Windows\SYSTEM32\WSOCK32.dll
0x00007ffb7be10000 - 0x00007ffb7be1a000 	C:\Windows\SYSTEM32\VERSION.dll
0x00007ffb84fa0000 - 0x00007ffb8500b000 	C:\Windows\System32\WS2_32.dll
0x00007ffb7aa10000 - 0x00007ffb7aa37000 	C:\Windows\SYSTEM32\WINMM.dll
0x00007ffb81d60000 - 0x00007ffb81d72000 	C:\Windows\SYSTEM32\kernel.appcore.dll
0x00007ffb7e0f0000 - 0x00007ffb7e100000 	C:\Program Files\Microsoft\jdk-11.0.12.7-hotspot\bin\verify.dll
0x00007ffb7a0d0000 - 0x00007ffb7a2b4000 	C:\Windows\SYSTEM32\DBGHELP.DLL
0x00007ffb6dfa0000 - 0x00007ffb6dfd4000 	C:\Windows\SYSTEM32\dbgcore.DLL
0x00007ffb847c0000 - 0x00007ffb84842000 	C:\Windows\System32\bcryptPrimitives.dll
0x00007ffb69cb0000 - 0x00007ffb69cd8000 	C:\Program Files\Microsoft\jdk-11.0.12.7-hotspot\bin\java.dll
0x00007ffb764c0000 - 0x00007ffb764ca000 	C:\Program Files\Microsoft\jdk-11.0.12.7-hotspot\bin\jimage.dll
0x00007ffb69c90000 - 0x00007ffb69ca7000 	C:\Program Files\Microsoft\jdk-11.0.12.7-hotspot\bin\zip.dll

dbghelp: loaded successfully - version: 4.0.5 - missing functions: none
symbol engine: initialized successfully - sym options: 0x614 - pdb path: .;C:\Program Files\Microsoft\jdk-11.0.12.7-hotspot\bin;C:\Windows\SYSTEM32;C:\Windows\WinSxS\amd64_microsoft.windows.common-controls_6595b64144ccf1df_6.0.19041.3636_none_60b6a03d71f818d5;C:\Program Files\Microsoft\jdk-11.0.12.7-hotspot\bin\server

VM Arguments:
java_command: <unknown>
java_class_path (initial): <not set>
Launcher Type: SUN_STANDARD

[Global flags]
     intx CICompilerCount                          = 4                                         {product} {ergonomic}
     uint ConcGCThreads                            = 3                                         {product} {ergonomic}
     uint G1ConcRefinementThreads                  = 10                                        {product} {ergonomic}
   size_t G1HeapRegionSize                         = 2097152                                   {product} {ergonomic}
    uintx GCDrainStackTargetSize                   = 64                                        {product} {ergonomic}
   size_t InitialHeapSize                          = 536870912                                 {product} {ergonomic}
   size_t MarkStackSize                            = 4194304                                   {product} {ergonomic}
   size_t MaxHeapSize                              = 8577351680                                {product} {ergonomic}
   size_t MinHeapDeltaBytes                        = 2097152                                   {product} {ergonomic}
    uintx NonNMethodCodeHeapSize                   = 5836300                                {pd product} {ergonomic}
    uintx NonProfiledCodeHeapSize                  = 122910970                              {pd product} {ergonomic}
    uintx ProfiledCodeHeapSize                     = 122910970                              {pd product} {ergonomic}
    uintx ReservedCodeCacheSize                    = 251658240                              {pd product} {ergonomic}
     bool SegmentedCodeCache                       = true                                      {product} {ergonomic}
     bool UseCompressedClassPointers               = true                                 {lp64_product} {ergonomic}
     bool UseCompressedOops                        = true                                 {lp64_product} {ergonomic}
     bool UseG1GC                                  = true                                      {product} {ergonomic}
     bool UseLargePagesIndividualAllocation        = false                                  {pd product} {ergonomic}

Logging:
Log output configuration:
 #0: stdout all=warning uptime,level,tags
 #1: stderr all=off uptime,level,tags

Environment Variables:
PATH=C:\Program Files\dotnet;C:\ProgramData\Oracle\Java\javapath;C:\Program Files\Common Files\Oracle\Java\javapath;C:\Python311\Scripts\;C:\Python311\;C:\Program Files\Microsoft\jdk-11.0.12.7-hotspot\bin;C:\Windows\system32;C:\Windows;C:\Windows\System32\Wbem;C:\Windows\System32\WindowsPowerShell\v1.0\;C:\Windows\System32\OpenSSH\;C:\Program Files\NVIDIA Corporation\NVIDIA NvDLISR;C:\Program Files\Microsoft SQL Server\150\Tools\Binn\;C:\Program Files\Microsoft SQL Server\Client SDK\ODBC\170\Tools\Binn\;F:\Program Files\Git\cmd;C:\ProgramData\chocolatey\bin;F:\Program Files\nodejs\;C:\Program Files (x86)\NVIDIA Corporation\PhysX\Common;F:\Docker\resources\bin;C:\Program Files\dotnet\;C:\Users\kostm\AppData\Local\Microsoft\WindowsApps;C:\Users\kostm\.dotnet\tools;C:\Users\kostm\AppData\Local\Programs\Microsoft VS Code\bin;C:\Users\kostm\AppData\Roaming\npm
USERNAME=kostm
OS=Windows_NT
PROCESSOR_IDENTIFIER=AMD64 Family 25 Model 33 Stepping 2, AuthenticAMD



---------------  S Y S T E M  ---------------

OS: Windows 10 , 64 bit Build 19041 (10.0.19041.3636)
OS uptime: 4 days 4:06 hours
Hyper-V role detected

CPU:total 12 (initial active 12) (12 cores per cpu, 2 threads per core) family 25 model 33 stepping 2 microcode 0x0, cmov, cx8, fxsr, mmx, sse, sse2, sse3, ssse3, sse4.1, sse4.2, popcnt, avx, avx2, aes, clmul, erms, mmxext, 3dnowpref, lzcnt, sse4a, ht, tsc, tscinvbit, tscinv, bmi1, bmi2, adx, sha, fma

Memory: 4k page, system-wide physical 32712M (10466M free)
TotalPageFile size 32728M (AvailPageFile size 507M)
current process WorkingSet (physical memory assigned to process): 10M, peak: 10M
current process commit charge ("private bytes"): 65M, peak: 577M

vm_info: OpenJDK 64-Bit Server VM (11.0.12+7) for windows-amd64 JRE (11.0.12+7), built on Jul 21 2021 15:41:43 by "" with unknown MS VC++:1916

END.
