#
# There is insufficient memory for the Java Runtime Environment to continue.
# Native memory allocation (malloc) failed to allocate 50816 bytes for Chunk::new
# Possible reasons:
#   The system is out of physical RAM or swap space
#   The process is running with CompressedOops enabled, and the Java Heap may be blocking the growth of the native heap
# Possible solutions:
#   Reduce memory load on the system
#   Increase physical memory or swap space
#   Check if swap backing store is full
#   Decrease Java heap size (-Xmx/-Xms)
#   Decrease number of Java threads
#   Decrease Java thread stack sizes (-Xss)
#   Set larger code cache with -XX:ReservedCodeCacheSize=
#   JVM is running with Zero Based Compressed Oops mode in which the Java heap is
#     placed in the first 32GB address space. The Java Heap base address is the
#     maximum limit for the native heap growth. Please use -XX:HeapBaseMinAddress
#     to set the Java Heap base and to place the Java Heap above 32GB virtual address.
# This output file may be truncated or incomplete.
#
#  Out of Memory Error (./src/hotspot/share/memory/arena.cpp:197), pid=35736, tid=32944
#
# JRE version: OpenJDK Runtime Environment Microsoft-25199 (11.0.12+7) (build 11.0.12+7)
# Java VM: OpenJDK 64-Bit Server VM Microsoft-25199 (11.0.12+7, mixed mode, tiered, compressed oops, g1 gc, windows-amd64)
# No core dump will be written. Minidumps are not enabled by default on client versions of Windows
#

---------------  S U M M A R Y ------------

Command Line: -Dapplication.home=C:\Program Files\Microsoft\jdk-11.0.12.7-hotspot --add-modules=ALL-DEFAULT -Xms8m -Djdk.module.main=jdk.compiler jdk.compiler/com.sun.tools.javac.Main -version

Host: AMD Ryzen 5 5600X 6-Core Processor             , 12 cores, 31G,  Windows 10 , 64 bit Build 19041 (10.0.19041.3636)
Time: Thu Mar  7 17:46:03 2024 RTZ 2 (зима) elapsed time: 0.183169 seconds (0d 0h 0m 0s)

---------------  T H R E A D  ---------------

Current thread (0x00000143461c9000):  JavaThread "C2 CompilerThread0" daemon [_thread_in_native, id=32944, stack(0x0000003978600000,0x0000003978700000)]


Current CompileTask:
C2:    183  337       4       jdk.internal.jimage.ImageStringsReader::unmaskedHashCode (173 bytes)

Stack: [0x0000003978600000,0x0000003978700000]
Native frames: (J=compiled Java code, j=interpreted, Vv=VM code, C=native code)
V  [jvm.dll+0x6090fa]
V  [jvm.dll+0x79229e]
V  [jvm.dll+0x79396f]
V  [jvm.dll+0x794033]
V  [jvm.dll+0x24bed8]
V  [jvm.dll+0xc219c]
V  [jvm.dll+0xc275c]
V  [jvm.dll+0x2bde94]
V  [jvm.dll+0x5132e9]
V  [jvm.dll+0x20d75d]
V  [jvm.dll+0x2076a4]
V  [jvm.dll+0x20464a]
V  [jvm.dll+0x18996c]
V  [jvm.dll+0x213dd7]
V  [jvm.dll+0x211f9b]
V  [jvm.dll+0x7563a9]
V  [jvm.dll+0x74f414]
V  [jvm.dll+0x607f56]
C  [ucrtbase.dll+0x21bb2]
C  [KERNEL32.DLL+0x17344]
C  [ntdll.dll+0x526b1]


---------------  P R O C E S S  ---------------

Threads class SMR info:
_java_thread_list=0x00000143461c0e90, length=10, elements={
0x0000014317da1800, 0x00000143450de000, 0x00000143450e9000, 0x00000143461c0000,
0x00000143461c2800, 0x00000143461c4800, 0x00000143461c9000, 0x00000143461d7800,
0x00000143461e8800, 0x0000014346344000
}

Java Threads: ( => current thread )
  0x0000014317da1800 JavaThread "main" [_thread_blocked, id=27352, stack(0x0000003977a00000,0x0000003977b00000)]
  0x00000143450de000 JavaThread "Reference Handler" daemon [_thread_blocked, id=9828, stack(0x0000003978100000,0x0000003978200000)]
  0x00000143450e9000 JavaThread "Finalizer" daemon [_thread_blocked, id=10992, stack(0x0000003978200000,0x0000003978300000)]
  0x00000143461c0000 JavaThread "Signal Dispatcher" daemon [_thread_blocked, id=16332, stack(0x0000003978300000,0x0000003978400000)]
  0x00000143461c2800 JavaThread "Attach Listener" daemon [_thread_blocked, id=8204, stack(0x0000003978400000,0x0000003978500000)]
  0x00000143461c4800 JavaThread "Service Thread" daemon [_thread_blocked, id=17724, stack(0x0000003978500000,0x0000003978600000)]
=>0x00000143461c9000 JavaThread "C2 CompilerThread0" daemon [_thread_in_native, id=32944, stack(0x0000003978600000,0x0000003978700000)]
  0x00000143461d7800 JavaThread "C1 CompilerThread0" daemon [_thread_blocked, id=9356, stack(0x0000003978700000,0x0000003978800000)]
  0x00000143461e8800 JavaThread "Sweeper thread" daemon [_thread_blocked, id=26644, stack(0x0000003978800000,0x0000003978900000)]
  0x0000014346344000 JavaThread "Common-Cleaner" daemon [_thread_blocked, id=19088, stack(0x0000003978900000,0x0000003978a00000)]

Other Threads:
  0x00000143450b6800 VMThread "VM Thread" [stack: 0x0000003978000000,0x0000003978100000] [id=32648]
  0x00000143463f6800 WatcherThread [stack: 0x0000003978a00000,0x0000003978b00000] [id=35076]
  0x0000014317dba800 GCTaskThread "GC Thread#0" [stack: 0x0000003977b00000,0x0000003977c00000] [id=16112]
  0x0000014317e6f800 ConcurrentGCThread "G1 Main Marker" [stack: 0x0000003977c00000,0x0000003977d00000] [id=35432]
  0x0000014317e70800 ConcurrentGCThread "G1 Conc#0" [stack: 0x0000003977d00000,0x0000003977e00000] [id=15176]
  0x0000014344f1c000 ConcurrentGCThread "G1 Refine#0" [stack: 0x0000003977e00000,0x0000003977f00000] [id=30452]
  0x0000014344f1e800 ConcurrentGCThread "G1 Young RemSet Sampling" [stack: 0x0000003977f00000,0x0000003978000000] [id=35416]

Threads with active compile tasks:
C2 CompilerThread0    201  337       4       jdk.internal.jimage.ImageStringsReader::unmaskedHashCode (173 bytes)

VM state:not at safepoint (normal execution)

VM Mutex/Monitor currently owned by a thread: None

Heap address: 0x0000000600c00000, size: 8180 MB, Compressed Oops mode: Zero based, Oop shift amount: 3
Narrow klass base: 0x0000000800000000, Narrow klass shift: 0
Compressed class space size: 1073741824 Address: 0x0000000800000000

Heap:
 garbage-first heap   total 8192K, used 2048K [0x0000000600c00000, 0x0000000800000000)
  region size 1024K, 3 young (3072K), 0 survivors (0K)
 Metaspace       used 7522K, capacity 7748K, committed 8064K, reserved 1056768K
  class space    used 730K, capacity 799K, committed 896K, reserved 1048576K
Heap Regions: E=young(eden), S=young(survivor), O=old, HS=humongous(starts), HC=humongous(continues), CS=collection set, F=free, A=archive, TAMS=top-at-mark-start (previous, next)
|   0|0x0000000600c00000, 0x0000000600c00000, 0x0000000600d00000|  0%| F|  |TAMS 0x0000000600c00000, 0x0000000600c00000| Untracked 
|   1|0x0000000600d00000, 0x0000000600d00000, 0x0000000600e00000|  0%| F|  |TAMS 0x0000000600d00000, 0x0000000600d00000| Untracked 
|   2|0x0000000600e00000, 0x0000000600e00000, 0x0000000600f00000|  0%| F|  |TAMS 0x0000000600e00000, 0x0000000600e00000| Untracked 
|   3|0x0000000600f00000, 0x0000000600f00000, 0x0000000601000000|  0%| F|  |TAMS 0x0000000600f00000, 0x0000000600f00000| Untracked 
|   4|0x0000000601000000, 0x0000000601000000, 0x0000000601100000|  0%| F|  |TAMS 0x0000000601000000, 0x0000000601000000| Untracked 
|   5|0x0000000601100000, 0x00000006011c89a0, 0x0000000601200000| 78%| E|  |TAMS 0x0000000601100000, 0x0000000601100000| Complete 
|   6|0x0000000601200000, 0x0000000601300000, 0x0000000601300000|100%| E|CS|TAMS 0x0000000601200000, 0x0000000601200000| Complete 
|   7|0x0000000601300000, 0x0000000601400000, 0x0000000601400000|100%| E|CS|TAMS 0x0000000601300000, 0x0000000601300000| Complete 

Card table byte_map: [0x0000014330a10000,0x0000014331a10000] _byte_map_base: 0x000001432da0a000

Marking Bits (Prev, Next): (CMBitMap*) 0x0000014317e4e808, (CMBitMap*) 0x0000014317e4e840
 Prev Bits: [0x0000014332a10000, 0x000001433a9e0000)
 Next Bits: [0x000001433a9e0000, 0x00000143429b0000)

Polling page: 0x0000014317580000

Metaspace:

Usage:
  Non-class:      6.79 MB capacity,     6.63 MB ( 98%) used,   150.17 KB (  2%) free+waste,     7.38 KB ( <1%) overhead. 
      Class:    799.00 KB capacity,   730.61 KB ( 91%) used,    64.45 KB (  8%) free+waste,     3.94 KB ( <1%) overhead. 
       Both:      7.57 MB capacity,     7.35 MB ( 97%) used,   214.63 KB (  3%) free+waste,    11.31 KB ( <1%) overhead. 

Virtual space:
  Non-class space:        8.00 MB reserved,       7.00 MB ( 88%) committed 
      Class space:        1.00 GB reserved,     896.00 KB ( <1%) committed 
             Both:        1.01 GB reserved,       7.88 MB ( <1%) committed 

Chunk freelists:
   Non-Class:  27.00 KB
       Class:  1.00 KB
        Both:  28.00 KB

MaxMetaspaceSize: 17179869184.00 GB
CompressedClassSpaceSize: 1.00 GB
Initial GC threshold: 20.80 MB
Current GC threshold: 20.80 MB
CDS: off

CodeHeap 'non-profiled nmethods': size=120000Kb used=110Kb max_used=110Kb free=119889Kb
 bounds [0x0000014327f90000, 0x0000014328200000, 0x000001432f4c0000]
CodeHeap 'profiled nmethods': size=120000Kb used=483Kb max_used=483Kb free=119516Kb
 bounds [0x0000014320a60000, 0x0000014320cd0000, 0x0000014327f90000]
CodeHeap 'non-nmethods': size=5760Kb used=1075Kb max_used=1086Kb free=4684Kb
 bounds [0x00000143204c0000, 0x0000014320730000, 0x0000014320a60000]
 total_blobs=669 nmethods=365 adapters=217
 compilation: enabled
              stopped_count=0, restarted_count=0
 full_count=0

Compilation events (20 events):
Event: 0.178 Thread 0x00000143461d7800 nmethod 329 0x0000014320ac6110 code [0x0000014320ac62e0, 0x0000014320ac6608]
Event: 0.178 Thread 0x00000143461d7800  330       1       java.util.HashMap$Node::getKey (5 bytes)
Event: 0.178 Thread 0x00000143461d7800 nmethod 330 0x0000014327fa9110 code [0x0000014327fa92c0, 0x0000014327fa9378]
Event: 0.178 Thread 0x00000143461d7800  331       1       java.util.HashMap$Node::getValue (5 bytes)
Event: 0.178 Thread 0x00000143461d7800 nmethod 331 0x0000014327fa9410 code [0x0000014327fa95c0, 0x0000014327fa9678]
Event: 0.178 Thread 0x00000143461c9000 nmethod 328 0x0000014327fa9710 code [0x0000014327fa98a0, 0x0000014327fa9938]
Event: 0.178 Thread 0x00000143461d7800  332       3       java.lang.String::startsWith (138 bytes)
Event: 0.179 Thread 0x00000143461d7800 nmethod 332 0x0000014320ac6710 code [0x0000014320ac6940, 0x0000014320ac7318]
Event: 0.179 Thread 0x00000143461d7800  333       3       java.lang.String::startsWith (7 bytes)
Event: 0.179 Thread 0x00000143461d7800 nmethod 333 0x0000014320ac7610 code [0x0000014320ac77c0, 0x0000014320ac7908]
Event: 0.180 Thread 0x00000143461d7800  334       3       java.util.Arrays::copyOf (19 bytes)
Event: 0.180 Thread 0x00000143461d7800 nmethod 334 0x0000014320ac7990 code [0x0000014320ac7b60, 0x0000014320ac7e48]
Event: 0.180 Thread 0x00000143461d7800  335       3       java.lang.ClassLoader::loadClass (7 bytes)
Event: 0.180 Thread 0x00000143461d7800 nmethod 335 0x0000014320ac7f90 code [0x0000014320ac8140, 0x0000014320ac8308]
Event: 0.180 Thread 0x00000143461d7800  336       3       jdk.internal.loader.BuiltinClassLoader::loadClass (22 bytes)
Event: 0.181 Thread 0x00000143461d7800 nmethod 336 0x0000014320ac8390 code [0x0000014320ac8560, 0x0000014320ac87f8]
Event: 0.181 Thread 0x00000143461c9000  337       4       jdk.internal.jimage.ImageStringsReader::unmaskedHashCode (173 bytes)
Event: 0.181 Thread 0x00000143461d7800  338       3       java.lang.Class::getPackageName (81 bytes)
Event: 0.182 Thread 0x00000143461d7800 nmethod 338 0x0000014320ac8910 code [0x0000014320ac8ba0, 0x0000014320ac94c8]
Event: 0.182 Thread 0x00000143461d7800  339       3       jdk.internal.jimage.ImageLocation::getAttribute (44 bytes)

GC Heap History (0 events):
No events

Deoptimization events (16 events):
Event: 0.147 Thread 0x0000014317da1800 Uncommon trap: trap_request=0xffffffde fr.pc=0x0000014327f9d4ec relative=0x0000000000000aec
Event: 0.147 Thread 0x0000014317da1800 Uncommon trap: reason=class_check action=maybe_recompile pc=0x0000014327f9d4ec method=java.util.HashMap.putVal(ILjava/lang/Object;Ljava/lang/Object;ZZ)Ljava/lang/Object; @ 152 c2
Event: 0.147 Thread 0x0000014317da1800 DEOPT PACKING pc=0x0000014327f9d4ec sp=0x0000003977afd590
Event: 0.147 Thread 0x0000014317da1800 DEOPT UNPACKING pc=0x000001432050a1af sp=0x0000003977afd510 mode 2
Event: 0.148 Thread 0x0000014317da1800 Uncommon trap: trap_request=0xffffffde fr.pc=0x0000014327f9d4ec relative=0x0000000000000aec
Event: 0.148 Thread 0x0000014317da1800 Uncommon trap: reason=class_check action=maybe_recompile pc=0x0000014327f9d4ec method=java.util.HashMap.putVal(ILjava/lang/Object;Ljava/lang/Object;ZZ)Ljava/lang/Object; @ 152 c2
Event: 0.148 Thread 0x0000014317da1800 DEOPT PACKING pc=0x0000014327f9d4ec sp=0x0000003977afd6a0
Event: 0.148 Thread 0x0000014317da1800 DEOPT UNPACKING pc=0x000001432050a1af sp=0x0000003977afd620 mode 2
Event: 0.148 Thread 0x0000014317da1800 Uncommon trap: trap_request=0xffffffde fr.pc=0x0000014327f9d4ec relative=0x0000000000000aec
Event: 0.148 Thread 0x0000014317da1800 Uncommon trap: reason=class_check action=maybe_recompile pc=0x0000014327f9d4ec method=java.util.HashMap.putVal(ILjava/lang/Object;Ljava/lang/Object;ZZ)Ljava/lang/Object; @ 152 c2
Event: 0.148 Thread 0x0000014317da1800 DEOPT PACKING pc=0x0000014327f9d4ec sp=0x0000003977afd6a0
Event: 0.148 Thread 0x0000014317da1800 DEOPT UNPACKING pc=0x000001432050a1af sp=0x0000003977afd620 mode 2
Event: 0.148 Thread 0x0000014317da1800 Uncommon trap: trap_request=0xffffffde fr.pc=0x0000014327f9d4ec relative=0x0000000000000aec
Event: 0.148 Thread 0x0000014317da1800 Uncommon trap: reason=class_check action=maybe_recompile pc=0x0000014327f9d4ec method=java.util.HashMap.putVal(ILjava/lang/Object;Ljava/lang/Object;ZZ)Ljava/lang/Object; @ 152 c2
Event: 0.148 Thread 0x0000014317da1800 DEOPT PACKING pc=0x0000014327f9d4ec sp=0x0000003977afd6a0
Event: 0.148 Thread 0x0000014317da1800 DEOPT UNPACKING pc=0x000001432050a1af sp=0x0000003977afd620 mode 2

Classes redefined (0 events):
No events

Internal exceptions (0 events):
No events

Events (20 events):
Event: 0.176 loading class java/lang/ProcessEnvironment$NameComparator
Event: 0.176 loading class java/lang/ProcessEnvironment$NameComparator done
Event: 0.176 loading class java/lang/ProcessEnvironment$EntryComparator
Event: 0.176 loading class java/lang/ProcessEnvironment$EntryComparator done
Event: 0.176 loading class java/util/TreeMap
Event: 0.176 loading class java/util/NavigableMap
Event: 0.176 loading class java/util/SortedMap
Event: 0.176 loading class java/util/SortedMap done
Event: 0.177 loading class java/util/NavigableMap done
Event: 0.177 loading class java/util/TreeMap done
Event: 0.177 loading class java/lang/ProcessEnvironment$CheckedEntrySet
Event: 0.177 loading class java/lang/ProcessEnvironment$CheckedEntrySet done
Event: 0.177 loading class java/lang/ProcessEnvironment$CheckedEntrySet$1
Event: 0.177 loading class java/lang/ProcessEnvironment$CheckedEntrySet$1 done
Event: 0.177 loading class java/lang/ProcessEnvironment$CheckedEntry
Event: 0.177 loading class java/lang/ProcessEnvironment$CheckedEntry done
Event: 0.177 loading class java/util/TreeMap$Entry
Event: 0.177 loading class java/util/TreeMap$Entry done
Event: 0.179 loading class java/util/JumboEnumSet$EnumSetIterator
Event: 0.179 loading class java/util/JumboEnumSet$EnumSetIterator done


Dynamic libraries:
0x00007ff78ef40000 - 0x00007ff78ef47000 	C:\Program Files\Microsoft\jdk-11.0.12.7-hotspot\bin\javac.exe
0x00007ffb86810000 - 0x00007ffb86a08000 	C:\Windows\SYSTEM32\ntdll.dll
0x00007ffb86270000 - 0x00007ffb8632d000 	C:\Windows\System32\KERNEL32.DLL
0x00007ffb83f40000 - 0x00007ffb84236000 	C:\Windows\System32\KERNELBASE.dll
0x00007ffb844b0000 - 0x00007ffb845b0000 	C:\Windows\System32\ucrtbase.dll
0x00007ffaf8920000 - 0x00007ffaf8937000 	C:\Program Files\Microsoft\jdk-11.0.12.7-hotspot\bin\jli.dll
0x00007ffaf8900000 - 0x00007ffaf8915000 	C:\Program Files\Microsoft\jdk-11.0.12.7-hotspot\bin\VCRUNTIME140.dll
0x00007ffb84cc0000 - 0x00007ffb84e5e000 	C:\Windows\System32\USER32.dll
0x00007ffb84240000 - 0x00007ffb84262000 	C:\Windows\System32\win32u.dll
0x00007ffb75c90000 - 0x00007ffb75f2a000 	C:\Windows\WinSxS\amd64_microsoft.windows.common-controls_6595b64144ccf1df_6.0.19041.3636_none_60b6a03d71f818d5\COMCTL32.dll
0x00007ffb84c90000 - 0x00007ffb84cbb000 	C:\Windows\System32\GDI32.dll
0x00007ffb85130000 - 0x00007ffb851ce000 	C:\Windows\System32\msvcrt.dll
0x00007ffb84390000 - 0x00007ffb844a7000 	C:\Windows\System32\gdi32full.dll
0x00007ffb842f0000 - 0x00007ffb8438d000 	C:\Windows\System32\msvcp_win.dll
0x00007ffb851d0000 - 0x00007ffb85202000 	C:\Windows\System32\IMM32.DLL
0x00007ffaf85e0000 - 0x00007ffaf867b000 	C:\Program Files\Microsoft\jdk-11.0.12.7-hotspot\bin\msvcp140.dll
0x00007ffad1810000 - 0x00007ffad2371000 	C:\Program Files\Microsoft\jdk-11.0.12.7-hotspot\bin\server\jvm.dll
0x00007ffb85420000 - 0x00007ffb854d3000 	C:\Windows\System32\ADVAPI32.dll
0x00007ffb86330000 - 0x00007ffb863cf000 	C:\Windows\System32\sechost.dll
0x00007ffb86140000 - 0x00007ffb86266000 	C:\Windows\System32\RPCRT4.dll
0x00007ffb842c0000 - 0x00007ffb842e7000 	C:\Windows\System32\bcrypt.dll
0x00007ffb86660000 - 0x00007ffb86668000 	C:\Windows\System32\PSAPI.DLL
0x00007ffb7c510000 - 0x00007ffb7c519000 	C:\Windows\SYSTEM32\WSOCK32.dll
0x00007ffb7be10000 - 0x00007ffb7be1a000 	C:\Windows\SYSTEM32\VERSION.dll
0x00007ffb84fa0000 - 0x00007ffb8500b000 	C:\Windows\System32\WS2_32.dll
0x00007ffb7aa10000 - 0x00007ffb7aa37000 	C:\Windows\SYSTEM32\WINMM.dll
0x00007ffb81d60000 - 0x00007ffb81d72000 	C:\Windows\SYSTEM32\kernel.appcore.dll
0x00007ffb2c6f0000 - 0x00007ffb2c700000 	C:\Program Files\Microsoft\jdk-11.0.12.7-hotspot\bin\verify.dll
0x00007ffb7a0d0000 - 0x00007ffb7a2b4000 	C:\Windows\SYSTEM32\DBGHELP.DLL
0x00007ffb6dfa0000 - 0x00007ffb6dfd4000 	C:\Windows\SYSTEM32\dbgcore.DLL
0x00007ffb847c0000 - 0x00007ffb84842000 	C:\Windows\System32\bcryptPrimitives.dll
0x00007ffaf88d0000 - 0x00007ffaf88f8000 	C:\Program Files\Microsoft\jdk-11.0.12.7-hotspot\bin\java.dll
0x00007ffb2acf0000 - 0x00007ffb2acfa000 	C:\Program Files\Microsoft\jdk-11.0.12.7-hotspot\bin\jimage.dll
0x00007ffaf88b0000 - 0x00007ffaf88c7000 	C:\Program Files\Microsoft\jdk-11.0.12.7-hotspot\bin\zip.dll
0x00007ffb859f0000 - 0x00007ffb86135000 	C:\Windows\System32\SHELL32.dll
0x00007ffb81f60000 - 0x00007ffb826fc000 	C:\Windows\SYSTEM32\windows.storage.dll
0x00007ffb84930000 - 0x00007ffb84c84000 	C:\Windows\System32\combase.dll
0x00007ffb83820000 - 0x00007ffb8384e000 	C:\Windows\SYSTEM32\Wldp.dll
0x00007ffb85350000 - 0x00007ffb8541d000 	C:\Windows\System32\OLEAUT32.dll
0x00007ffb86720000 - 0x00007ffb867cd000 	C:\Windows\System32\SHCORE.dll
0x00007ffb84ee0000 - 0x00007ffb84f35000 	C:\Windows\System32\shlwapi.dll
0x00007ffb83e00000 - 0x00007ffb83e25000 	C:\Windows\SYSTEM32\profapi.dll

dbghelp: loaded successfully - version: 4.0.5 - missing functions: none
symbol engine: initialized successfully - sym options: 0x614 - pdb path: .;C:\Program Files\Microsoft\jdk-11.0.12.7-hotspot\bin;C:\Windows\SYSTEM32;C:\Windows\WinSxS\amd64_microsoft.windows.common-controls_6595b64144ccf1df_6.0.19041.3636_none_60b6a03d71f818d5;C:\Program Files\Microsoft\jdk-11.0.12.7-hotspot\bin\server

VM Arguments:
jvm_args: -Dapplication.home=C:\Program Files\Microsoft\jdk-11.0.12.7-hotspot --add-modules=ALL-DEFAULT -Xms8m -Djdk.module.main=jdk.compiler 
java_command: jdk.compiler/com.sun.tools.javac.Main -version
java_class_path (initial): <not set>
Launcher Type: SUN_STANDARD

[Global flags]
     intx CICompilerCount                          = 4                                         {product} {ergonomic}
     uint ConcGCThreads                            = 3                                         {product} {ergonomic}
     uint G1ConcRefinementThreads                  = 10                                        {product} {ergonomic}
   size_t G1HeapRegionSize                         = 1048576                                   {product} {ergonomic}
    uintx GCDrainStackTargetSize                   = 64                                        {product} {ergonomic}
   size_t InitialHeapSize                          = 8388608                                   {product} {command line}
   size_t MarkStackSize                            = 4194304                                   {product} {ergonomic}
   size_t MaxHeapSize                              = 8577351680                                {product} {ergonomic}
   size_t MaxNewSize                               = 5146411008                                {product} {ergonomic}
   size_t MinHeapDeltaBytes                        = 1048576                                   {product} {ergonomic}
    uintx NonNMethodCodeHeapSize                   = 5836300                                {pd product} {ergonomic}
    uintx NonProfiledCodeHeapSize                  = 122910970                              {pd product} {ergonomic}
    uintx ProfiledCodeHeapSize                     = 122910970                              {pd product} {ergonomic}
    uintx ReservedCodeCacheSize                    = 251658240                              {pd product} {ergonomic}
     bool SegmentedCodeCache                       = true                                      {product} {ergonomic}
     bool UseCompressedClassPointers               = true                                 {lp64_product} {ergonomic}
     bool UseCompressedOops                        = true                                 {lp64_product} {ergonomic}
     bool UseG1GC                                  = true                                      {product} {ergonomic}
     bool UseLargePagesIndividualAllocation        = false                                  {pd product} {ergonomic}

Logging:
Log output configuration:
 #0: stdout all=warning uptime,level,tags
 #1: stderr all=off uptime,level,tags

Environment Variables:
PATH=C:\Program Files\dotnet;C:\ProgramData\Oracle\Java\javapath;C:\Program Files\Common Files\Oracle\Java\javapath;C:\Python311\Scripts\;C:\Python311\;C:\Program Files\Microsoft\jdk-11.0.12.7-hotspot\bin;C:\Windows\system32;C:\Windows;C:\Windows\System32\Wbem;C:\Windows\System32\WindowsPowerShell\v1.0\;C:\Windows\System32\OpenSSH\;C:\Program Files\NVIDIA Corporation\NVIDIA NvDLISR;C:\Program Files\Microsoft SQL Server\150\Tools\Binn\;C:\Program Files\Microsoft SQL Server\Client SDK\ODBC\170\Tools\Binn\;F:\Program Files\Git\cmd;C:\ProgramData\chocolatey\bin;F:\Program Files\nodejs\;C:\Program Files (x86)\NVIDIA Corporation\PhysX\Common;F:\Docker\resources\bin;C:\Program Files\dotnet\;C:\Users\kostm\AppData\Local\Microsoft\WindowsApps;C:\Users\kostm\.dotnet\tools;C:\Users\kostm\AppData\Local\Programs\Microsoft VS Code\bin;C:\Users\kostm\AppData\Roaming\npm
USERNAME=kostm
OS=Windows_NT
PROCESSOR_IDENTIFIER=AMD64 Family 25 Model 33 Stepping 2, AuthenticAMD



---------------  S Y S T E M  ---------------

OS: Windows 10 , 64 bit Build 19041 (10.0.19041.3636)
OS uptime: 4 days 4:10 hours
Hyper-V role detected

CPU:total 12 (initial active 12) (12 cores per cpu, 2 threads per core) family 25 model 33 stepping 2 microcode 0x0, cmov, cx8, fxsr, mmx, sse, sse2, sse3, ssse3, sse4.1, sse4.2, popcnt, avx, avx2, aes, clmul, erms, mmxext, 3dnowpref, lzcnt, sse4a, ht, tsc, tscinvbit, tscinv, bmi1, bmi2, adx, sha, fma

Memory: 4k page, system-wide physical 32712M (9913M free)
TotalPageFile size 32728M (AvailPageFile size 5M)
current process WorkingSet (physical memory assigned to process): 37M, peak: 37M
current process commit charge ("private bytes"): 90M, peak: 90M

vm_info: OpenJDK 64-Bit Server VM (11.0.12+7) for windows-amd64 JRE (11.0.12+7), built on Jul 21 2021 15:41:43 by "" with unknown MS VC++:1916

END.
